2020-06-24 12:28:29.731 [main] INFO  com.maveric.core.testng.listeners.ReportListener - reports folder created successfully :./reports/test-output-24_Jun_2020_12_28_29_PM
2020-06-24 12:28:29.814 [main] INFO  com.maveric.core.testng.listeners.TestListener - Thread Count : 1
2020-06-24 12:28:29.815 [main] INFO  com.maveric.core.testng.listeners.TestListener - Data Provider Count : 1
2020-06-24 12:28:29.815 [main] INFO  com.maveric.core.testng.listeners.TestListener - Parallel Type : Methods
2020-06-24 12:28:42.014 [TestNG-test=Default test-1] INFO  com.maveric.core.cucumber.CucumberBaseTest - START Get and Update User Details
2020-06-24 12:28:42.068 [TestNG-test=Default test-1] INFO  com.maveric.core.driver.RemoteCapabilities - chromedriver path C:\Users\anithak\.m2\repository\webdriver\chromedriver\win32\83.0.4103.39
2020-06-24 12:28:42.071 [TestNG-test=Default test-1] INFO  com.maveric.core.driver.DriverFactory - app : C:\Users\anithak\Documents\NewTAFUpdated (2)\NewTAFUpdated\.\src\test\resources\apps\AndroidApp.apk
2020-06-24 12:28:42.072 [TestNG-test=Default test-1] INFO  com.maveric.core.driver.DriverFactory - appActivity : com.swaglabsmobileapp.SplashActivity
2020-06-24 12:28:42.072 [TestNG-test=Default test-1] INFO  com.maveric.core.driver.DriverFactory - appPackage : com.swaglabsmobileapp
2020-06-24 12:28:42.102 [TestNG-test=Default test-1] INFO  com.maveric.core.driver.DriverFactory - appium:chromeOptions : {w3c=false}
2020-06-24 12:28:42.103 [TestNG-test=Default test-1] INFO  com.maveric.core.driver.DriverFactory - automationName : UiAutomator2
2020-06-24 12:28:42.103 [TestNG-test=Default test-1] INFO  com.maveric.core.driver.DriverFactory - browserName : 
2020-06-24 12:28:42.103 [TestNG-test=Default test-1] INFO  com.maveric.core.driver.DriverFactory - chromedriverExecutableDir : C:\Users\anithak\.m2\repository\webdriver\chromedriver\win32\83.0.4103.39
2020-06-24 12:28:42.103 [TestNG-test=Default test-1] INFO  com.maveric.core.driver.DriverFactory - deviceName : 
2020-06-24 12:28:42.103 [TestNG-test=Default test-1] INFO  com.maveric.core.driver.DriverFactory - deviceReadyTimeout : 60
2020-06-24 12:28:42.103 [TestNG-test=Default test-1] INFO  com.maveric.core.driver.DriverFactory - noReset : true
2020-06-24 12:28:42.103 [TestNG-test=Default test-1] INFO  com.maveric.core.driver.DriverFactory - platformName : android
2020-06-24 12:28:42.104 [TestNG-test=Default test-1] INFO  com.maveric.core.driver.DriverFactory - platformVersion : 8.1
2020-06-24 12:28:42.104 [TestNG-test=Default test-1] INFO  com.maveric.core.driver.DriverFactory - resetKeyboard : true
2020-06-24 12:28:42.104 [TestNG-test=Default test-1] INFO  com.maveric.core.driver.DriverFactory - unicodeKeyboard : true
2020-06-24 12:28:42.105 [TestNG-test=Default test-1] INFO  com.maveric.core.driver.DriverFactory - useNewWDA : false
2020-06-24 12:28:46.658 [TestNG-test=Default test-1] INFO  com.maveric.core.testng.listeners.DriverListener - Driver Setup Completed
2020-06-24 12:28:48.218 [TestNG-test=Default test-1] DEBUG org.apache.http.impl.conn.BasicClientConnectionManager - Get connection for route {s}->https://reqres.in:443
2020-06-24 12:28:48.497 [TestNG-test=Default test-1] DEBUG org.apache.http.impl.conn.DefaultClientConnectionOperator - Connecting to reqres.in:443
2020-06-24 12:28:48.996 [TestNG-test=Default test-1] DEBUG org.apache.http.client.protocol.RequestAddCookies - CookieSpec selected: ignoreCookies
2020-06-24 12:28:48.998 [TestNG-test=Default test-1] DEBUG org.apache.http.client.protocol.RequestAuthCache - Auth cache not set in the context
2020-06-24 12:28:48.998 [TestNG-test=Default test-1] DEBUG org.apache.http.client.protocol.RequestTargetAuthentication - Target auth state: UNCHALLENGED
2020-06-24 12:28:48.998 [TestNG-test=Default test-1] DEBUG org.apache.http.client.protocol.RequestProxyAuthentication - Proxy auth state: UNCHALLENGED
2020-06-24 12:28:48.999 [TestNG-test=Default test-1] DEBUG org.apache.http.impl.client.DefaultHttpClient - Attempt 1 to execute request
2020-06-24 12:28:48.999 [TestNG-test=Default test-1] DEBUG org.apache.http.impl.conn.DefaultClientConnection - Sending request: GET /api/users/1 HTTP/1.1
2020-06-24 12:28:48.999 [TestNG-test=Default test-1] DEBUG org.apache.http.wire -  >> "GET /api/users/1 HTTP/1.1[\r][\n]"
2020-06-24 12:28:49.000 [TestNG-test=Default test-1] DEBUG org.apache.http.wire -  >> "Accept: */*[\r][\n]"
2020-06-24 12:28:49.000 [TestNG-test=Default test-1] DEBUG org.apache.http.wire -  >> "Host: reqres.in[\r][\n]"
2020-06-24 12:28:49.000 [TestNG-test=Default test-1] DEBUG org.apache.http.wire -  >> "Connection: Keep-Alive[\r][\n]"
2020-06-24 12:28:49.000 [TestNG-test=Default test-1] DEBUG org.apache.http.wire -  >> "User-Agent: Apache-HttpClient/4.5.9 (Java/1.8.0_211)[\r][\n]"
2020-06-24 12:28:49.000 [TestNG-test=Default test-1] DEBUG org.apache.http.wire -  >> "Accept-Encoding: gzip,deflate[\r][\n]"
2020-06-24 12:28:49.000 [TestNG-test=Default test-1] DEBUG org.apache.http.wire -  >> "[\r][\n]"
2020-06-24 12:28:49.001 [TestNG-test=Default test-1] DEBUG org.apache.http.headers - >> GET /api/users/1 HTTP/1.1
2020-06-24 12:28:49.001 [TestNG-test=Default test-1] DEBUG org.apache.http.headers - >> Accept: */*
2020-06-24 12:28:49.001 [TestNG-test=Default test-1] DEBUG org.apache.http.headers - >> Host: reqres.in
2020-06-24 12:28:49.001 [TestNG-test=Default test-1] DEBUG org.apache.http.headers - >> Connection: Keep-Alive
2020-06-24 12:28:49.001 [TestNG-test=Default test-1] DEBUG org.apache.http.headers - >> User-Agent: Apache-HttpClient/4.5.9 (Java/1.8.0_211)
2020-06-24 12:28:49.001 [TestNG-test=Default test-1] DEBUG org.apache.http.headers - >> Accept-Encoding: gzip,deflate
2020-06-24 12:28:49.149 [TestNG-test=Default test-1] DEBUG org.apache.http.wire -  << "HTTP/1.1 200 OK[\r][\n]"
2020-06-24 12:28:49.154 [TestNG-test=Default test-1] DEBUG org.apache.http.wire -  << "Date: Wed, 24 Jun 2020 06:59:32 GMT[\r][\n]"
2020-06-24 12:28:49.154 [TestNG-test=Default test-1] DEBUG org.apache.http.wire -  << "Content-Type: application/json; charset=utf-8[\r][\n]"
2020-06-24 12:28:49.155 [TestNG-test=Default test-1] DEBUG org.apache.http.wire -  << "Transfer-Encoding: chunked[\r][\n]"
2020-06-24 12:28:49.155 [TestNG-test=Default test-1] DEBUG org.apache.http.wire -  << "Connection: keep-alive[\r][\n]"
2020-06-24 12:28:49.155 [TestNG-test=Default test-1] DEBUG org.apache.http.wire -  << "Set-Cookie: __cfduid=d0255e8a76641f7c00a10d753473a48161592981972; expires=Fri, 24-Jul-20 06:59:32 GMT; path=/; domain=.reqres.in; HttpOnly; SameSite=Lax; Secure[\r][\n]"
2020-06-24 12:28:49.156 [TestNG-test=Default test-1] DEBUG org.apache.http.wire -  << "X-Powered-By: Express[\r][\n]"
2020-06-24 12:28:49.156 [TestNG-test=Default test-1] DEBUG org.apache.http.wire -  << "Access-Control-Allow-Origin: *[\r][\n]"
2020-06-24 12:28:49.156 [TestNG-test=Default test-1] DEBUG org.apache.http.wire -  << "Etag: W/"172-2ZZzAny/UrOMYxwGqcj81wSK1S4"[\r][\n]"
2020-06-24 12:28:49.157 [TestNG-test=Default test-1] DEBUG org.apache.http.wire -  << "Via: 1.1 vegur[\r][\n]"
2020-06-24 12:28:49.157 [TestNG-test=Default test-1] DEBUG org.apache.http.wire -  << "Cache-Control: max-age=14400[\r][\n]"
2020-06-24 12:28:49.157 [TestNG-test=Default test-1] DEBUG org.apache.http.wire -  << "CF-Cache-Status: HIT[\r][\n]"
2020-06-24 12:28:49.158 [TestNG-test=Default test-1] DEBUG org.apache.http.wire -  << "Age: 4323[\r][\n]"
2020-06-24 12:28:49.158 [TestNG-test=Default test-1] DEBUG org.apache.http.wire -  << "cf-request-id: 0386b8fd5a0000e30e649af200000001[\r][\n]"
2020-06-24 12:28:49.158 [TestNG-test=Default test-1] DEBUG org.apache.http.wire -  << "Expect-CT: max-age=604800, report-uri="https://report-uri.cloudflare.com/cdn-cgi/beacon/expect-ct"[\r][\n]"
2020-06-24 12:28:49.159 [TestNG-test=Default test-1] DEBUG org.apache.http.wire -  << "Vary: Accept-Encoding[\r][\n]"
2020-06-24 12:28:49.159 [TestNG-test=Default test-1] DEBUG org.apache.http.wire -  << "Server: cloudflare[\r][\n]"
2020-06-24 12:28:49.159 [TestNG-test=Default test-1] DEBUG org.apache.http.wire -  << "CF-RAY: 5a84910ef821e30e-CCU[\r][\n]"
2020-06-24 12:28:49.159 [TestNG-test=Default test-1] DEBUG org.apache.http.wire -  << "Content-Encoding: gzip[\r][\n]"
2020-06-24 12:28:49.160 [TestNG-test=Default test-1] DEBUG org.apache.http.wire -  << "[\r][\n]"
2020-06-24 12:28:49.163 [TestNG-test=Default test-1] DEBUG org.apache.http.impl.conn.DefaultClientConnection - Receiving response: HTTP/1.1 200 OK
2020-06-24 12:28:49.163 [TestNG-test=Default test-1] DEBUG org.apache.http.headers - << HTTP/1.1 200 OK
2020-06-24 12:28:49.163 [TestNG-test=Default test-1] DEBUG org.apache.http.headers - << Date: Wed, 24 Jun 2020 06:59:32 GMT
2020-06-24 12:28:49.164 [TestNG-test=Default test-1] DEBUG org.apache.http.headers - << Content-Type: application/json; charset=utf-8
2020-06-24 12:28:49.164 [TestNG-test=Default test-1] DEBUG org.apache.http.headers - << Transfer-Encoding: chunked
2020-06-24 12:28:49.164 [TestNG-test=Default test-1] DEBUG org.apache.http.headers - << Connection: keep-alive
2020-06-24 12:28:49.164 [TestNG-test=Default test-1] DEBUG org.apache.http.headers - << Set-Cookie: __cfduid=d0255e8a76641f7c00a10d753473a48161592981972; expires=Fri, 24-Jul-20 06:59:32 GMT; path=/; domain=.reqres.in; HttpOnly; SameSite=Lax; Secure
2020-06-24 12:28:49.164 [TestNG-test=Default test-1] DEBUG org.apache.http.headers - << X-Powered-By: Express
2020-06-24 12:28:49.164 [TestNG-test=Default test-1] DEBUG org.apache.http.headers - << Access-Control-Allow-Origin: *
2020-06-24 12:28:49.165 [TestNG-test=Default test-1] DEBUG org.apache.http.headers - << Etag: W/"172-2ZZzAny/UrOMYxwGqcj81wSK1S4"
2020-06-24 12:28:49.165 [TestNG-test=Default test-1] DEBUG org.apache.http.headers - << Via: 1.1 vegur
2020-06-24 12:28:49.165 [TestNG-test=Default test-1] DEBUG org.apache.http.headers - << Cache-Control: max-age=14400
2020-06-24 12:28:49.165 [TestNG-test=Default test-1] DEBUG org.apache.http.headers - << CF-Cache-Status: HIT
2020-06-24 12:28:49.165 [TestNG-test=Default test-1] DEBUG org.apache.http.headers - << Age: 4323
2020-06-24 12:28:49.165 [TestNG-test=Default test-1] DEBUG org.apache.http.headers - << cf-request-id: 0386b8fd5a0000e30e649af200000001
2020-06-24 12:28:49.166 [TestNG-test=Default test-1] DEBUG org.apache.http.headers - << Expect-CT: max-age=604800, report-uri="https://report-uri.cloudflare.com/cdn-cgi/beacon/expect-ct"
2020-06-24 12:28:49.166 [TestNG-test=Default test-1] DEBUG org.apache.http.headers - << Vary: Accept-Encoding
2020-06-24 12:28:49.166 [TestNG-test=Default test-1] DEBUG org.apache.http.headers - << Server: cloudflare
2020-06-24 12:28:49.166 [TestNG-test=Default test-1] DEBUG org.apache.http.headers - << CF-RAY: 5a84910ef821e30e-CCU
2020-06-24 12:28:49.167 [TestNG-test=Default test-1] DEBUG org.apache.http.headers - << Content-Encoding: gzip
2020-06-24 12:28:49.189 [TestNG-test=Default test-1] DEBUG org.apache.http.impl.client.DefaultHttpClient - Connection can be kept alive indefinitely
2020-06-24 12:28:49.225 [TestNG-test=Default test-1] DEBUG io.restassured.internal.RequestSpecificationImpl$RestAssuredHttpBuilder - Parsing response as: application/json; charset=utf-8
2020-06-24 12:28:49.226 [TestNG-test=Default test-1] DEBUG org.apache.http.wire -  << "113[\r][\n]"
2020-06-24 12:28:49.226 [TestNG-test=Default test-1] DEBUG org.apache.http.wire -  << "[0x1f][0x8b][0x8][0x0][0x0][0x0][0x0][0x0][0x0][0x3]E[0x8e][0xbb]N[0x3]1[0x10]Ee4[0xb5][0xb5]V[0xa0]A[0xae]x[0x14]|[0x0][0x5]%[0x9a][0xd8]c[0xaf][0x89][0xd7]^[0xc6][0xb3]YB[0x94]G[0x9b] [0xd1][0xdc][0xe2]>t[0xee][0x19][0x3])[0xa1];c[0xe][0xe8]v[0x6]y[0xa2]\[0xd0]a[0xe2]&[0x89][0x87]}Yt|[0x14][0xfe][0x12][0xee]C[0xae]h0f[0xe9][0xfa]Qibt[0xf8]zm[0xa1][0xc1]B[0xff][0xe6][0xf3][0xb6]A[0x83]t$%A[0x87][0xa3][0xea][0xdc][0x9d][0xb5][0xfd]~[0xa0][0x89]~Z[0xa5][0xb5][0xf][0xbe]Mv[0xc9][0x91]<w{S][0xb3]*[0x8b][0xf5]Tx[0xdf]R[0xe0]jww[0xf][0xc3][0xe7][0x9c][0xf0]b[0x90][0xc2][0xf6][0xd2][0xb7]i[0xa6]zB[0x87]oJ[0xba][0xf4][0x97][0x16][0x18][0xde][0x99][0xf][0xe5][0x84][0x6][0x17])[0xb8][0x8d]v-[0xf8][0x16]xh[0x92],[0x1a]T[0xfe]Vt[0xf8][0x4][0xeb]u[0x0][0x95][0xd7]^xcBl~[0xe9][0xb9]&h[0x15]z[0x8b][0xba][0x92]0[0x4]>ri[0xf3][0xc4]U[\r][0xe4][0x1a][0x85][0xba][0xca][0xe2]u[0x11]6[0xa0]#Cg9[0xb2][0x18][0x98]Yb[0x93][0x89][0xaa]g[0x3]T[0xc3]-T[0xf2][0x7][0xe0][0x1a][0xa0]E[0xd0]1[0xd7][0xd4][0x7][0xbc]\~[0x1][0xa9][0xe2]exr[0x1][0x0][0x0]"
2020-06-24 12:28:49.227 [TestNG-test=Default test-1] DEBUG org.apache.http.wire -  << "[\r][\n]"
2020-06-24 12:28:49.227 [TestNG-test=Default test-1] DEBUG org.apache.http.wire -  << "0[\r][\n]"
2020-06-24 12:28:49.227 [TestNG-test=Default test-1] DEBUG org.apache.http.wire -  << "[\r][\n]"
2020-06-24 12:28:49.227 [TestNG-test=Default test-1] DEBUG io.restassured.internal.RequestSpecificationImpl$RestAssuredHttpBuilder - Parsed data to instance of: class org.apache.http.conn.EofSensorInputStream
2020-06-24 12:28:49.304 [TestNG-test=Default test-1] DEBUG org.apache.http.impl.conn.BasicClientConnectionManager - Releasing connection org.apache.http.impl.conn.ManagedClientConnectionImpl@100550cb
2020-06-24 12:28:49.304 [TestNG-test=Default test-1] DEBUG org.apache.http.impl.conn.BasicClientConnectionManager - Connection can be kept alive indefinitely
2020-06-24 12:28:49.584 [TestNG-test=Default test-1] DEBUG org.apache.http.impl.conn.BasicClientConnectionManager - Get connection for route {s}->https://reqres.in:443
2020-06-24 12:28:49.584 [TestNG-test=Default test-1] DEBUG org.apache.http.impl.conn.DefaultClientConnectionOperator - Connecting to reqres.in:443
2020-06-24 12:28:50.100 [TestNG-test=Default test-1] DEBUG org.apache.http.client.protocol.RequestAddCookies - CookieSpec selected: ignoreCookies
2020-06-24 12:28:50.100 [TestNG-test=Default test-1] DEBUG org.apache.http.client.protocol.RequestAuthCache - Auth cache not set in the context
2020-06-24 12:28:50.100 [TestNG-test=Default test-1] DEBUG org.apache.http.client.protocol.RequestTargetAuthentication - Target auth state: UNCHALLENGED
2020-06-24 12:28:50.100 [TestNG-test=Default test-1] DEBUG org.apache.http.client.protocol.RequestProxyAuthentication - Proxy auth state: UNCHALLENGED
2020-06-24 12:28:50.100 [TestNG-test=Default test-1] DEBUG org.apache.http.impl.client.DefaultHttpClient - Attempt 1 to execute request
2020-06-24 12:28:50.100 [TestNG-test=Default test-1] DEBUG org.apache.http.impl.conn.DefaultClientConnection - Sending request: POST /api/users/ HTTP/1.1
2020-06-24 12:28:50.100 [TestNG-test=Default test-1] DEBUG org.apache.http.wire -  >> "POST /api/users/ HTTP/1.1[\r][\n]"
2020-06-24 12:28:50.100 [TestNG-test=Default test-1] DEBUG org.apache.http.wire -  >> "Accept: */*[\r][\n]"
2020-06-24 12:28:50.100 [TestNG-test=Default test-1] DEBUG org.apache.http.wire -  >> "Content-Type: application/json; charset=UTF-8[\r][\n]"
2020-06-24 12:28:50.100 [TestNG-test=Default test-1] DEBUG org.apache.http.wire -  >> "Content-Length: 46[\r][\n]"
2020-06-24 12:28:50.100 [TestNG-test=Default test-1] DEBUG org.apache.http.wire -  >> "Host: reqres.in[\r][\n]"
2020-06-24 12:28:50.101 [TestNG-test=Default test-1] DEBUG org.apache.http.wire -  >> "Connection: Keep-Alive[\r][\n]"
2020-06-24 12:28:50.101 [TestNG-test=Default test-1] DEBUG org.apache.http.wire -  >> "User-Agent: Apache-HttpClient/4.5.9 (Java/1.8.0_211)[\r][\n]"
2020-06-24 12:28:50.101 [TestNG-test=Default test-1] DEBUG org.apache.http.wire -  >> "Accept-Encoding: gzip,deflate[\r][\n]"
2020-06-24 12:28:50.101 [TestNG-test=Default test-1] DEBUG org.apache.http.wire -  >> "[\r][\n]"
2020-06-24 12:28:50.101 [TestNG-test=Default test-1] DEBUG org.apache.http.headers - >> POST /api/users/ HTTP/1.1
2020-06-24 12:28:50.101 [TestNG-test=Default test-1] DEBUG org.apache.http.headers - >> Accept: */*
2020-06-24 12:28:50.101 [TestNG-test=Default test-1] DEBUG org.apache.http.headers - >> Content-Type: application/json; charset=UTF-8
2020-06-24 12:28:50.101 [TestNG-test=Default test-1] DEBUG org.apache.http.headers - >> Content-Length: 46
2020-06-24 12:28:50.101 [TestNG-test=Default test-1] DEBUG org.apache.http.headers - >> Host: reqres.in
2020-06-24 12:28:50.101 [TestNG-test=Default test-1] DEBUG org.apache.http.headers - >> Connection: Keep-Alive
2020-06-24 12:28:50.101 [TestNG-test=Default test-1] DEBUG org.apache.http.headers - >> User-Agent: Apache-HttpClient/4.5.9 (Java/1.8.0_211)
2020-06-24 12:28:50.101 [TestNG-test=Default test-1] DEBUG org.apache.http.headers - >> Accept-Encoding: gzip,deflate
2020-06-24 12:28:50.101 [TestNG-test=Default test-1] DEBUG org.apache.http.wire -  >> "{[\r][\n]"
2020-06-24 12:28:50.101 [TestNG-test=Default test-1] DEBUG org.apache.http.wire -  >> "  "name" : "Aadya",[\r][\n]"
2020-06-24 12:28:50.102 [TestNG-test=Default test-1] DEBUG org.apache.http.wire -  >> "  "job" : "student"[\r][\n]"
2020-06-24 12:28:50.102 [TestNG-test=Default test-1] DEBUG org.apache.http.wire -  >> "}"
2020-06-24 12:28:51.000 [TestNG-test=Default test-1] DEBUG org.apache.http.wire -  << "HTTP/1.1 201 Created[\r][\n]"
2020-06-24 12:28:51.000 [TestNG-test=Default test-1] DEBUG org.apache.http.wire -  << "Date: Wed, 24 Jun 2020 06:59:33 GMT[\r][\n]"
2020-06-24 12:28:51.000 [TestNG-test=Default test-1] DEBUG org.apache.http.wire -  << "Content-Type: application/json; charset=utf-8[\r][\n]"
2020-06-24 12:28:51.000 [TestNG-test=Default test-1] DEBUG org.apache.http.wire -  << "Content-Length: 82[\r][\n]"
2020-06-24 12:28:51.001 [TestNG-test=Default test-1] DEBUG org.apache.http.wire -  << "Connection: keep-alive[\r][\n]"
2020-06-24 12:28:51.001 [TestNG-test=Default test-1] DEBUG org.apache.http.wire -  << "Set-Cookie: __cfduid=d2fdf221f5ea83a346a848ba603351b0d1592981973; expires=Fri, 24-Jul-20 06:59:33 GMT; path=/; domain=.reqres.in; HttpOnly; SameSite=Lax; Secure[\r][\n]"
2020-06-24 12:28:51.001 [TestNG-test=Default test-1] DEBUG org.apache.http.wire -  << "X-Powered-By: Express[\r][\n]"
2020-06-24 12:28:51.001 [TestNG-test=Default test-1] DEBUG org.apache.http.wire -  << "Access-Control-Allow-Origin: *[\r][\n]"
2020-06-24 12:28:51.001 [TestNG-test=Default test-1] DEBUG org.apache.http.wire -  << "Etag: W/"52-Hp4TMxtMpL58xQ9totQRnFopyqQ"[\r][\n]"
2020-06-24 12:28:51.001 [TestNG-test=Default test-1] DEBUG org.apache.http.wire -  << "Via: 1.1 vegur[\r][\n]"
2020-06-24 12:28:51.002 [TestNG-test=Default test-1] DEBUG org.apache.http.wire -  << "CF-Cache-Status: DYNAMIC[\r][\n]"
2020-06-24 12:28:51.002 [TestNG-test=Default test-1] DEBUG org.apache.http.wire -  << "cf-request-id: 0386b9018e0000e30e6182e200000001[\r][\n]"
2020-06-24 12:28:51.002 [TestNG-test=Default test-1] DEBUG org.apache.http.wire -  << "Expect-CT: max-age=604800, report-uri="https://report-uri.cloudflare.com/cdn-cgi/beacon/expect-ct"[\r][\n]"
2020-06-24 12:28:51.002 [TestNG-test=Default test-1] DEBUG org.apache.http.wire -  << "Server: cloudflare[\r][\n]"
2020-06-24 12:28:51.002 [TestNG-test=Default test-1] DEBUG org.apache.http.wire -  << "CF-RAY: 5a849115bf8ee30e-CCU[\r][\n]"
2020-06-24 12:28:51.002 [TestNG-test=Default test-1] DEBUG org.apache.http.wire -  << "[\r][\n]"
2020-06-24 12:28:51.002 [TestNG-test=Default test-1] DEBUG org.apache.http.impl.conn.DefaultClientConnection - Receiving response: HTTP/1.1 201 Created
2020-06-24 12:28:51.002 [TestNG-test=Default test-1] DEBUG org.apache.http.headers - << HTTP/1.1 201 Created
2020-06-24 12:28:51.002 [TestNG-test=Default test-1] DEBUG org.apache.http.headers - << Date: Wed, 24 Jun 2020 06:59:33 GMT
2020-06-24 12:28:51.002 [TestNG-test=Default test-1] DEBUG org.apache.http.headers - << Content-Type: application/json; charset=utf-8
2020-06-24 12:28:51.002 [TestNG-test=Default test-1] DEBUG org.apache.http.headers - << Content-Length: 82
2020-06-24 12:28:51.002 [TestNG-test=Default test-1] DEBUG org.apache.http.headers - << Connection: keep-alive
2020-06-24 12:28:51.003 [TestNG-test=Default test-1] DEBUG org.apache.http.headers - << Set-Cookie: __cfduid=d2fdf221f5ea83a346a848ba603351b0d1592981973; expires=Fri, 24-Jul-20 06:59:33 GMT; path=/; domain=.reqres.in; HttpOnly; SameSite=Lax; Secure
2020-06-24 12:28:51.003 [TestNG-test=Default test-1] DEBUG org.apache.http.headers - << X-Powered-By: Express
2020-06-24 12:28:51.003 [TestNG-test=Default test-1] DEBUG org.apache.http.headers - << Access-Control-Allow-Origin: *
2020-06-24 12:28:51.003 [TestNG-test=Default test-1] DEBUG org.apache.http.headers - << Etag: W/"52-Hp4TMxtMpL58xQ9totQRnFopyqQ"
2020-06-24 12:28:51.003 [TestNG-test=Default test-1] DEBUG org.apache.http.headers - << Via: 1.1 vegur
2020-06-24 12:28:51.003 [TestNG-test=Default test-1] DEBUG org.apache.http.headers - << CF-Cache-Status: DYNAMIC
2020-06-24 12:28:51.003 [TestNG-test=Default test-1] DEBUG org.apache.http.headers - << cf-request-id: 0386b9018e0000e30e6182e200000001
2020-06-24 12:28:51.003 [TestNG-test=Default test-1] DEBUG org.apache.http.headers - << Expect-CT: max-age=604800, report-uri="https://report-uri.cloudflare.com/cdn-cgi/beacon/expect-ct"
2020-06-24 12:28:51.003 [TestNG-test=Default test-1] DEBUG org.apache.http.headers - << Server: cloudflare
2020-06-24 12:28:51.003 [TestNG-test=Default test-1] DEBUG org.apache.http.headers - << CF-RAY: 5a849115bf8ee30e-CCU
2020-06-24 12:28:51.004 [TestNG-test=Default test-1] DEBUG org.apache.http.impl.client.DefaultHttpClient - Connection can be kept alive indefinitely
2020-06-24 12:28:51.005 [TestNG-test=Default test-1] DEBUG io.restassured.internal.RequestSpecificationImpl$RestAssuredHttpBuilder - Parsing response as: application/json; charset=utf-8
2020-06-24 12:28:51.005 [TestNG-test=Default test-1] DEBUG io.restassured.internal.RequestSpecificationImpl$RestAssuredHttpBuilder - Parsed data to instance of: class org.apache.http.conn.EofSensorInputStream
2020-06-24 12:28:51.017 [TestNG-test=Default test-1] DEBUG org.apache.http.wire -  << "{"name":"Aadya","job":"student","id":"812","createdAt":"2020-06-24T06:59:33.799Z"}"
2020-06-24 12:28:51.017 [TestNG-test=Default test-1] DEBUG org.apache.http.impl.conn.BasicClientConnectionManager - Releasing connection org.apache.http.impl.conn.ManagedClientConnectionImpl@14223a75
2020-06-24 12:28:51.017 [TestNG-test=Default test-1] DEBUG org.apache.http.impl.conn.BasicClientConnectionManager - Connection can be kept alive indefinitely
2020-06-24 12:28:51.050 [TestNG-test=Default test-1] INFO  com.maveric.core.testng.listeners.DriverListener - Driver Quit Completed
2020-06-24 12:28:51.066 [TestNG-test=Default test-1] INFO  com.maveric.core.cucumber.CucumberBaseTest - PASS  Get and Update User Details
2020-06-24 12:28:51.069 [TestNG-test=Default test-1] INFO  com.maveric.core.cucumber.CucumberBaseTest - START Create and Delete User
2020-06-24 12:28:51.078 [TestNG-test=Default test-1] INFO  com.maveric.core.driver.RemoteCapabilities - chromedriver path C:\Users\anithak\.m2\repository\webdriver\chromedriver\win32\83.0.4103.39
2020-06-24 12:28:51.078 [TestNG-test=Default test-1] INFO  com.maveric.core.driver.DriverFactory - app : C:\Users\anithak\Documents\NewTAFUpdated (2)\NewTAFUpdated\.\src\test\resources\apps\AndroidApp.apk
2020-06-24 12:28:51.078 [TestNG-test=Default test-1] INFO  com.maveric.core.driver.DriverFactory - appActivity : com.swaglabsmobileapp.SplashActivity
2020-06-24 12:28:51.078 [TestNG-test=Default test-1] INFO  com.maveric.core.driver.DriverFactory - appPackage : com.swaglabsmobileapp
2020-06-24 12:28:51.079 [TestNG-test=Default test-1] INFO  com.maveric.core.driver.DriverFactory - appium:chromeOptions : {w3c=false}
2020-06-24 12:28:51.080 [TestNG-test=Default test-1] INFO  com.maveric.core.driver.DriverFactory - automationName : UiAutomator2
2020-06-24 12:28:51.080 [TestNG-test=Default test-1] INFO  com.maveric.core.driver.DriverFactory - browserName : 
2020-06-24 12:28:51.080 [TestNG-test=Default test-1] INFO  com.maveric.core.driver.DriverFactory - chromedriverExecutableDir : C:\Users\anithak\.m2\repository\webdriver\chromedriver\win32\83.0.4103.39
2020-06-24 12:28:51.080 [TestNG-test=Default test-1] INFO  com.maveric.core.driver.DriverFactory - deviceName : 
2020-06-24 12:28:51.081 [TestNG-test=Default test-1] INFO  com.maveric.core.driver.DriverFactory - deviceReadyTimeout : 60
2020-06-24 12:28:51.082 [TestNG-test=Default test-1] INFO  com.maveric.core.driver.DriverFactory - noReset : true
2020-06-24 12:28:51.083 [TestNG-test=Default test-1] INFO  com.maveric.core.driver.DriverFactory - platformName : android
2020-06-24 12:28:51.083 [TestNG-test=Default test-1] INFO  com.maveric.core.driver.DriverFactory - platformVersion : 8.1
2020-06-24 12:28:51.083 [TestNG-test=Default test-1] INFO  com.maveric.core.driver.DriverFactory - resetKeyboard : true
2020-06-24 12:28:51.084 [TestNG-test=Default test-1] INFO  com.maveric.core.driver.DriverFactory - unicodeKeyboard : true
2020-06-24 12:28:51.085 [TestNG-test=Default test-1] INFO  com.maveric.core.driver.DriverFactory - useNewWDA : false
2020-06-24 12:28:55.253 [TestNG-test=Default test-1] INFO  com.maveric.core.testng.listeners.DriverListener - Driver Setup Completed
2020-06-24 12:28:55.292 [TestNG-test=Default test-1] DEBUG org.apache.http.impl.conn.BasicClientConnectionManager - Get connection for route {s}->https://reqres.in:443
2020-06-24 12:28:55.292 [TestNG-test=Default test-1] DEBUG org.apache.http.impl.conn.DefaultClientConnectionOperator - Connecting to reqres.in:443
2020-06-24 12:28:55.906 [TestNG-test=Default test-1] DEBUG org.apache.http.client.protocol.RequestAddCookies - CookieSpec selected: ignoreCookies
2020-06-24 12:28:55.906 [TestNG-test=Default test-1] DEBUG org.apache.http.client.protocol.RequestAuthCache - Auth cache not set in the context
2020-06-24 12:28:55.907 [TestNG-test=Default test-1] DEBUG org.apache.http.client.protocol.RequestTargetAuthentication - Target auth state: UNCHALLENGED
2020-06-24 12:28:55.907 [TestNG-test=Default test-1] DEBUG org.apache.http.client.protocol.RequestProxyAuthentication - Proxy auth state: UNCHALLENGED
2020-06-24 12:28:55.907 [TestNG-test=Default test-1] DEBUG org.apache.http.impl.client.DefaultHttpClient - Attempt 1 to execute request
2020-06-24 12:28:55.907 [TestNG-test=Default test-1] DEBUG org.apache.http.impl.conn.DefaultClientConnection - Sending request: PUT /api/users/4 HTTP/1.1
2020-06-24 12:28:55.907 [TestNG-test=Default test-1] DEBUG org.apache.http.wire -  >> "PUT /api/users/4 HTTP/1.1[\r][\n]"
2020-06-24 12:28:55.907 [TestNG-test=Default test-1] DEBUG org.apache.http.wire -  >> "Accept: */*[\r][\n]"
2020-06-24 12:28:55.907 [TestNG-test=Default test-1] DEBUG org.apache.http.wire -  >> "Content-Type: application/json; charset=UTF-8[\r][\n]"
2020-06-24 12:28:55.907 [TestNG-test=Default test-1] DEBUG org.apache.http.wire -  >> "Content-Length: 24[\r][\n]"
2020-06-24 12:28:55.907 [TestNG-test=Default test-1] DEBUG org.apache.http.wire -  >> "Host: reqres.in[\r][\n]"
2020-06-24 12:28:55.907 [TestNG-test=Default test-1] DEBUG org.apache.http.wire -  >> "Connection: Keep-Alive[\r][\n]"
2020-06-24 12:28:55.908 [TestNG-test=Default test-1] DEBUG org.apache.http.wire -  >> "User-Agent: Apache-HttpClient/4.5.9 (Java/1.8.0_211)[\r][\n]"
2020-06-24 12:28:55.908 [TestNG-test=Default test-1] DEBUG org.apache.http.wire -  >> "Accept-Encoding: gzip,deflate[\r][\n]"
2020-06-24 12:28:55.908 [TestNG-test=Default test-1] DEBUG org.apache.http.wire -  >> "[\r][\n]"
2020-06-24 12:28:55.908 [TestNG-test=Default test-1] DEBUG org.apache.http.headers - >> PUT /api/users/4 HTTP/1.1
2020-06-24 12:28:55.908 [TestNG-test=Default test-1] DEBUG org.apache.http.headers - >> Accept: */*
2020-06-24 12:28:55.908 [TestNG-test=Default test-1] DEBUG org.apache.http.headers - >> Content-Type: application/json; charset=UTF-8
2020-06-24 12:28:55.908 [TestNG-test=Default test-1] DEBUG org.apache.http.headers - >> Content-Length: 24
2020-06-24 12:28:55.908 [TestNG-test=Default test-1] DEBUG org.apache.http.headers - >> Host: reqres.in
2020-06-24 12:28:55.908 [TestNG-test=Default test-1] DEBUG org.apache.http.headers - >> Connection: Keep-Alive
2020-06-24 12:28:55.908 [TestNG-test=Default test-1] DEBUG org.apache.http.headers - >> User-Agent: Apache-HttpClient/4.5.9 (Java/1.8.0_211)
2020-06-24 12:28:55.909 [TestNG-test=Default test-1] DEBUG org.apache.http.headers - >> Accept-Encoding: gzip,deflate
2020-06-24 12:28:55.909 [TestNG-test=Default test-1] DEBUG org.apache.http.wire -  >> "{[\r][\n]"
2020-06-24 12:28:55.909 [TestNG-test=Default test-1] DEBUG org.apache.http.wire -  >> "  "name" : "Aarna"[\r][\n]"
2020-06-24 12:28:55.909 [TestNG-test=Default test-1] DEBUG org.apache.http.wire -  >> "}"
2020-06-24 12:28:56.438 [TestNG-test=Default test-1] DEBUG org.apache.http.wire -  << "HTTP/1.1 200 OK[\r][\n]"
2020-06-24 12:28:56.439 [TestNG-test=Default test-1] DEBUG org.apache.http.wire -  << "Date: Wed, 24 Jun 2020 06:59:39 GMT[\r][\n]"
2020-06-24 12:28:56.439 [TestNG-test=Default test-1] DEBUG org.apache.http.wire -  << "Content-Type: application/json; charset=utf-8[\r][\n]"
2020-06-24 12:28:56.439 [TestNG-test=Default test-1] DEBUG org.apache.http.wire -  << "Transfer-Encoding: chunked[\r][\n]"
2020-06-24 12:28:56.440 [TestNG-test=Default test-1] DEBUG org.apache.http.wire -  << "Connection: keep-alive[\r][\n]"
2020-06-24 12:28:56.440 [TestNG-test=Default test-1] DEBUG org.apache.http.wire -  << "Set-Cookie: __cfduid=d53b442f0b08f5e8c215c5fbb2f4c9c061592981979; expires=Fri, 24-Jul-20 06:59:39 GMT; path=/; domain=.reqres.in; HttpOnly; SameSite=Lax; Secure[\r][\n]"
2020-06-24 12:28:56.441 [TestNG-test=Default test-1] DEBUG org.apache.http.wire -  << "X-Powered-By: Express[\r][\n]"
2020-06-24 12:28:56.441 [TestNG-test=Default test-1] DEBUG org.apache.http.wire -  << "Access-Control-Allow-Origin: *[\r][\n]"
2020-06-24 12:28:56.442 [TestNG-test=Default test-1] DEBUG org.apache.http.wire -  << "Etag: W/"37-svOra0KGPzGx7jZaYHUedn08BaM"[\r][\n]"
2020-06-24 12:28:56.442 [TestNG-test=Default test-1] DEBUG org.apache.http.wire -  << "Via: 1.1 vegur[\r][\n]"
2020-06-24 12:28:56.442 [TestNG-test=Default test-1] DEBUG org.apache.http.wire -  << "CF-Cache-Status: DYNAMIC[\r][\n]"
2020-06-24 12:28:56.443 [TestNG-test=Default test-1] DEBUG org.apache.http.wire -  << "cf-request-id: 0386b918420000e3369026f200000001[\r][\n]"
2020-06-24 12:28:56.443 [TestNG-test=Default test-1] DEBUG org.apache.http.wire -  << "Expect-CT: max-age=604800, report-uri="https://report-uri.cloudflare.com/cdn-cgi/beacon/expect-ct"[\r][\n]"
2020-06-24 12:28:56.443 [TestNG-test=Default test-1] DEBUG org.apache.http.wire -  << "Vary: Accept-Encoding[\r][\n]"
2020-06-24 12:28:56.444 [TestNG-test=Default test-1] DEBUG org.apache.http.wire -  << "Server: cloudflare[\r][\n]"
2020-06-24 12:28:56.444 [TestNG-test=Default test-1] DEBUG org.apache.http.wire -  << "CF-RAY: 5a84913a0c8ae336-CCU[\r][\n]"
2020-06-24 12:28:56.444 [TestNG-test=Default test-1] DEBUG org.apache.http.wire -  << "Content-Encoding: gzip[\r][\n]"
2020-06-24 12:28:56.445 [TestNG-test=Default test-1] DEBUG org.apache.http.wire -  << "[\r][\n]"
2020-06-24 12:28:56.445 [TestNG-test=Default test-1] DEBUG org.apache.http.impl.conn.DefaultClientConnection - Receiving response: HTTP/1.1 200 OK
2020-06-24 12:28:56.445 [TestNG-test=Default test-1] DEBUG org.apache.http.headers - << HTTP/1.1 200 OK
2020-06-24 12:28:56.445 [TestNG-test=Default test-1] DEBUG org.apache.http.headers - << Date: Wed, 24 Jun 2020 06:59:39 GMT
2020-06-24 12:28:56.445 [TestNG-test=Default test-1] DEBUG org.apache.http.headers - << Content-Type: application/json; charset=utf-8
2020-06-24 12:28:56.446 [TestNG-test=Default test-1] DEBUG org.apache.http.headers - << Transfer-Encoding: chunked
2020-06-24 12:28:56.446 [TestNG-test=Default test-1] DEBUG org.apache.http.headers - << Connection: keep-alive
2020-06-24 12:28:56.446 [TestNG-test=Default test-1] DEBUG org.apache.http.headers - << Set-Cookie: __cfduid=d53b442f0b08f5e8c215c5fbb2f4c9c061592981979; expires=Fri, 24-Jul-20 06:59:39 GMT; path=/; domain=.reqres.in; HttpOnly; SameSite=Lax; Secure
2020-06-24 12:28:56.446 [TestNG-test=Default test-1] DEBUG org.apache.http.headers - << X-Powered-By: Express
2020-06-24 12:28:56.446 [TestNG-test=Default test-1] DEBUG org.apache.http.headers - << Access-Control-Allow-Origin: *
2020-06-24 12:28:56.446 [TestNG-test=Default test-1] DEBUG org.apache.http.headers - << Etag: W/"37-svOra0KGPzGx7jZaYHUedn08BaM"
2020-06-24 12:28:56.446 [TestNG-test=Default test-1] DEBUG org.apache.http.headers - << Via: 1.1 vegur
2020-06-24 12:28:56.447 [TestNG-test=Default test-1] DEBUG org.apache.http.headers - << CF-Cache-Status: DYNAMIC
2020-06-24 12:28:56.447 [TestNG-test=Default test-1] DEBUG org.apache.http.headers - << cf-request-id: 0386b918420000e3369026f200000001
2020-06-24 12:28:56.447 [TestNG-test=Default test-1] DEBUG org.apache.http.headers - << Expect-CT: max-age=604800, report-uri="https://report-uri.cloudflare.com/cdn-cgi/beacon/expect-ct"
2020-06-24 12:28:56.447 [TestNG-test=Default test-1] DEBUG org.apache.http.headers - << Vary: Accept-Encoding
2020-06-24 12:28:56.447 [TestNG-test=Default test-1] DEBUG org.apache.http.headers - << Server: cloudflare
2020-06-24 12:28:56.447 [TestNG-test=Default test-1] DEBUG org.apache.http.headers - << CF-RAY: 5a84913a0c8ae336-CCU
2020-06-24 12:28:56.448 [TestNG-test=Default test-1] DEBUG org.apache.http.headers - << Content-Encoding: gzip
2020-06-24 12:28:56.448 [TestNG-test=Default test-1] DEBUG org.apache.http.impl.client.DefaultHttpClient - Connection can be kept alive indefinitely
2020-06-24 12:28:56.449 [TestNG-test=Default test-1] DEBUG io.restassured.internal.RequestSpecificationImpl$RestAssuredHttpBuilder - Parsing response as: application/json; charset=utf-8
2020-06-24 12:28:56.449 [TestNG-test=Default test-1] DEBUG org.apache.http.wire -  << "51[\r][\n]"
2020-06-24 12:28:56.450 [TestNG-test=Default test-1] DEBUG org.apache.http.wire -  << "[0x1f][0x8b][0x8][0x0][0x0][0x0][0x0][0x0][0x0][0x3][0xaa]V[0xca]K[0xcc]MU[0xb2]RrL,[0xca]KT[0xd2]Q*-HI,IMq,Q[0xb2]R2202[0xd0]50[0xd3]52[0x9]10[0xb3]2[0xb5][0xb4]2[0xb6][0xd4]317[0x8a]R[0xaa][0x5][0x0][0x0][0x0][0xff][0xff][0x3][0x0]O[0xfa][0xd7][0xb9]7[0x0][0x0][0x0]"
2020-06-24 12:28:56.450 [TestNG-test=Default test-1] DEBUG org.apache.http.wire -  << "[\r][\n]"
2020-06-24 12:28:56.451 [TestNG-test=Default test-1] DEBUG org.apache.http.wire -  << "0[\r][\n]"
2020-06-24 12:28:56.451 [TestNG-test=Default test-1] DEBUG org.apache.http.wire -  << "[\r][\n]"
2020-06-24 12:28:56.451 [TestNG-test=Default test-1] DEBUG io.restassured.internal.RequestSpecificationImpl$RestAssuredHttpBuilder - Parsed data to instance of: class org.apache.http.conn.EofSensorInputStream
2020-06-24 12:28:56.464 [TestNG-test=Default test-1] DEBUG org.apache.http.impl.conn.BasicClientConnectionManager - Releasing connection org.apache.http.impl.conn.ManagedClientConnectionImpl@7bc940ec
2020-06-24 12:28:56.464 [TestNG-test=Default test-1] DEBUG org.apache.http.impl.conn.BasicClientConnectionManager - Connection can be kept alive indefinitely
2020-06-24 12:28:56.637 [Finalizer] DEBUG org.apache.http.impl.conn.DefaultClientConnection - Connection 0.0.0.0:62815<->104.27.134.11:443 closed
2020-06-24 12:28:56.640 [Finalizer] DEBUG org.apache.http.impl.conn.DefaultClientConnection - Connection 0.0.0.0:62814<->104.27.134.11:443 closed
2020-06-24 12:28:57.391 [TestNG-test=Default test-1] DEBUG org.apache.http.impl.conn.BasicClientConnectionManager - Get connection for route {s}->https://reqres.in:443
2020-06-24 12:28:57.392 [TestNG-test=Default test-1] DEBUG org.apache.http.impl.conn.DefaultClientConnectionOperator - Connecting to reqres.in:443
2020-06-24 12:28:58.243 [TestNG-test=Default test-1] DEBUG org.apache.http.client.protocol.RequestAddCookies - CookieSpec selected: ignoreCookies
2020-06-24 12:28:58.244 [TestNG-test=Default test-1] DEBUG org.apache.http.client.protocol.RequestAuthCache - Auth cache not set in the context
2020-06-24 12:28:58.244 [TestNG-test=Default test-1] DEBUG org.apache.http.client.protocol.RequestTargetAuthentication - Target auth state: UNCHALLENGED
2020-06-24 12:28:58.244 [TestNG-test=Default test-1] DEBUG org.apache.http.client.protocol.RequestProxyAuthentication - Proxy auth state: UNCHALLENGED
2020-06-24 12:28:58.244 [TestNG-test=Default test-1] DEBUG org.apache.http.impl.client.DefaultHttpClient - Attempt 1 to execute request
2020-06-24 12:28:58.244 [TestNG-test=Default test-1] DEBUG org.apache.http.impl.conn.DefaultClientConnection - Sending request: DELETE /api/users/5 HTTP/1.1
2020-06-24 12:28:58.244 [TestNG-test=Default test-1] DEBUG org.apache.http.wire -  >> "DELETE /api/users/5 HTTP/1.1[\r][\n]"
2020-06-24 12:28:58.244 [TestNG-test=Default test-1] DEBUG org.apache.http.wire -  >> "Accept: */*[\r][\n]"
2020-06-24 12:28:58.245 [TestNG-test=Default test-1] DEBUG org.apache.http.wire -  >> "Host: reqres.in[\r][\n]"
2020-06-24 12:28:58.245 [TestNG-test=Default test-1] DEBUG org.apache.http.wire -  >> "Connection: Keep-Alive[\r][\n]"
2020-06-24 12:28:58.245 [TestNG-test=Default test-1] DEBUG org.apache.http.wire -  >> "User-Agent: Apache-HttpClient/4.5.9 (Java/1.8.0_211)[\r][\n]"
2020-06-24 12:28:58.245 [TestNG-test=Default test-1] DEBUG org.apache.http.wire -  >> "Accept-Encoding: gzip,deflate[\r][\n]"
2020-06-24 12:28:58.245 [TestNG-test=Default test-1] DEBUG org.apache.http.wire -  >> "[\r][\n]"
2020-06-24 12:28:58.245 [TestNG-test=Default test-1] DEBUG org.apache.http.headers - >> DELETE /api/users/5 HTTP/1.1
2020-06-24 12:28:58.245 [TestNG-test=Default test-1] DEBUG org.apache.http.headers - >> Accept: */*
2020-06-24 12:28:58.245 [TestNG-test=Default test-1] DEBUG org.apache.http.headers - >> Host: reqres.in
2020-06-24 12:28:58.245 [TestNG-test=Default test-1] DEBUG org.apache.http.headers - >> Connection: Keep-Alive
2020-06-24 12:28:58.246 [TestNG-test=Default test-1] DEBUG org.apache.http.headers - >> User-Agent: Apache-HttpClient/4.5.9 (Java/1.8.0_211)
2020-06-24 12:28:58.246 [TestNG-test=Default test-1] DEBUG org.apache.http.headers - >> Accept-Encoding: gzip,deflate
2020-06-24 12:28:58.827 [TestNG-test=Default test-1] DEBUG org.apache.http.wire -  << "HTTP/1.1 204 No Content[\r][\n]"
2020-06-24 12:28:58.827 [TestNG-test=Default test-1] DEBUG org.apache.http.wire -  << "Date: Wed, 24 Jun 2020 06:59:41 GMT[\r][\n]"
2020-06-24 12:28:58.827 [TestNG-test=Default test-1] DEBUG org.apache.http.wire -  << "Content-Length: 0[\r][\n]"
2020-06-24 12:28:58.827 [TestNG-test=Default test-1] DEBUG org.apache.http.wire -  << "Connection: keep-alive[\r][\n]"
2020-06-24 12:28:58.827 [TestNG-test=Default test-1] DEBUG org.apache.http.wire -  << "Set-Cookie: __cfduid=db47b3245b358f111b78b22235a26eed51592981981; expires=Fri, 24-Jul-20 06:59:41 GMT; path=/; domain=.reqres.in; HttpOnly; SameSite=Lax; Secure[\r][\n]"
2020-06-24 12:28:58.827 [TestNG-test=Default test-1] DEBUG org.apache.http.wire -  << "X-Powered-By: Express[\r][\n]"
2020-06-24 12:28:58.827 [TestNG-test=Default test-1] DEBUG org.apache.http.wire -  << "Access-Control-Allow-Origin: *[\r][\n]"
2020-06-24 12:28:58.828 [TestNG-test=Default test-1] DEBUG org.apache.http.wire -  << "Etag: W/"2-vyGp6PvFo4RvsFtPoIWeCReyIC8"[\r][\n]"
2020-06-24 12:28:58.828 [TestNG-test=Default test-1] DEBUG org.apache.http.wire -  << "Via: 1.1 vegur[\r][\n]"
2020-06-24 12:28:58.828 [TestNG-test=Default test-1] DEBUG org.apache.http.wire -  << "CF-Cache-Status: DYNAMIC[\r][\n]"
2020-06-24 12:28:58.828 [TestNG-test=Default test-1] DEBUG org.apache.http.wire -  << "cf-request-id: 0386b921640000e30a682c0200000001[\r][\n]"
2020-06-24 12:28:58.828 [TestNG-test=Default test-1] DEBUG org.apache.http.wire -  << "Expect-CT: max-age=604800, report-uri="https://report-uri.cloudflare.com/cdn-cgi/beacon/expect-ct"[\r][\n]"
2020-06-24 12:28:58.828 [TestNG-test=Default test-1] DEBUG org.apache.http.wire -  << "Server: cloudflare[\r][\n]"
2020-06-24 12:28:58.828 [TestNG-test=Default test-1] DEBUG org.apache.http.wire -  << "CF-RAY: 5a849148ad86e30a-CCU[\r][\n]"
2020-06-24 12:28:58.828 [TestNG-test=Default test-1] DEBUG org.apache.http.wire -  << "[\r][\n]"
2020-06-24 12:28:58.828 [TestNG-test=Default test-1] DEBUG org.apache.http.impl.conn.DefaultClientConnection - Receiving response: HTTP/1.1 204 No Content
2020-06-24 12:28:58.829 [TestNG-test=Default test-1] DEBUG org.apache.http.headers - << HTTP/1.1 204 No Content
2020-06-24 12:28:58.829 [TestNG-test=Default test-1] DEBUG org.apache.http.headers - << Date: Wed, 24 Jun 2020 06:59:41 GMT
2020-06-24 12:28:58.829 [TestNG-test=Default test-1] DEBUG org.apache.http.headers - << Content-Length: 0
2020-06-24 12:28:58.829 [TestNG-test=Default test-1] DEBUG org.apache.http.headers - << Connection: keep-alive
2020-06-24 12:28:58.829 [TestNG-test=Default test-1] DEBUG org.apache.http.headers - << Set-Cookie: __cfduid=db47b3245b358f111b78b22235a26eed51592981981; expires=Fri, 24-Jul-20 06:59:41 GMT; path=/; domain=.reqres.in; HttpOnly; SameSite=Lax; Secure
2020-06-24 12:28:58.829 [TestNG-test=Default test-1] DEBUG org.apache.http.headers - << X-Powered-By: Express
2020-06-24 12:28:58.829 [TestNG-test=Default test-1] DEBUG org.apache.http.headers - << Access-Control-Allow-Origin: *
2020-06-24 12:28:58.829 [TestNG-test=Default test-1] DEBUG org.apache.http.headers - << Etag: W/"2-vyGp6PvFo4RvsFtPoIWeCReyIC8"
2020-06-24 12:28:58.829 [TestNG-test=Default test-1] DEBUG org.apache.http.headers - << Via: 1.1 vegur
2020-06-24 12:28:58.829 [TestNG-test=Default test-1] DEBUG org.apache.http.headers - << CF-Cache-Status: DYNAMIC
2020-06-24 12:28:58.830 [TestNG-test=Default test-1] DEBUG org.apache.http.headers - << cf-request-id: 0386b921640000e30a682c0200000001
2020-06-24 12:28:58.830 [TestNG-test=Default test-1] DEBUG org.apache.http.headers - << Expect-CT: max-age=604800, report-uri="https://report-uri.cloudflare.com/cdn-cgi/beacon/expect-ct"
2020-06-24 12:28:58.830 [TestNG-test=Default test-1] DEBUG org.apache.http.headers - << Server: cloudflare
2020-06-24 12:28:58.830 [TestNG-test=Default test-1] DEBUG org.apache.http.headers - << CF-RAY: 5a849148ad86e30a-CCU
2020-06-24 12:28:58.830 [TestNG-test=Default test-1] DEBUG org.apache.http.impl.client.DefaultHttpClient - Connection can be kept alive indefinitely
2020-06-24 12:28:58.831 [TestNG-test=Default test-1] DEBUG org.apache.http.impl.conn.BasicClientConnectionManager - Releasing connection org.apache.http.impl.conn.ManagedClientConnectionImpl@46b5bac
2020-06-24 12:28:58.831 [TestNG-test=Default test-1] DEBUG org.apache.http.impl.conn.BasicClientConnectionManager - Connection can be kept alive indefinitely
2020-06-24 12:28:58.842 [TestNG-test=Default test-1] INFO  com.maveric.core.testng.listeners.DriverListener - Driver Quit Completed
2020-06-24 12:28:58.845 [TestNG-test=Default test-1] INFO  com.maveric.core.cucumber.CucumberBaseTest - PASS  Create and Delete User
